<?xml version="1.0" encoding="UTF-8"?>
<testng-results skipped="0" failed="0" ignored="0" total="3" passed="3">
  <reporter-output>
  </reporter-output>
<<<<<<< HEAD
<<<<<<< HEAD
  <suite name="Default suite" duration-ms="34261" started-at="2018-03-01T17:44:31Z" finished-at="2018-03-01T17:45:06Z">
    <groups>
    </groups>
    <test name="Default test" duration-ms="34261" started-at="2018-03-01T17:44:31Z" finished-at="2018-03-01T17:45:06Z">
      <class name="net.ed.LoginServlet_Test">
        <test-method status="PASS" signature="launchBrowser()[pri:0, instance:net.ed.LoginServlet_Test@757942a1]" name="launchBrowser" is-config="true" duration-ms="2939" started-at="2018-03-01T17:44:31Z" finished-at="2018-03-01T17:44:34Z">
          <reporter-output>
          </reporter-output>
        </test-method> <!-- launchBrowser -->
        <test-method status="PASS" signature="getURLTest()[pri:1, instance:net.ed.LoginServlet_Test@757942a1]" name="getURLTest" duration-ms="2555" started-at="2018-03-01T17:44:34Z" finished-at="2018-03-01T17:44:37Z">
          <reporter-output>
          </reporter-output>
        </test-method> <!-- getURLTest -->
        <test-method status="PASS" signature="enterUserNameTest()[pri:2, instance:net.ed.LoginServlet_Test@757942a1]" name="enterUserNameTest" duration-ms="10415" started-at="2018-03-01T17:44:37Z" finished-at="2018-03-01T17:44:47Z">
          <reporter-output>
          </reporter-output>
        </test-method> <!-- enterUserNameTest -->
        <test-method status="FAIL" signature="enterUserPasswordTest()[pri:3, instance:net.ed.LoginServlet_Test@757942a1]" name="enterUserPasswordTest" duration-ms="14194" started-at="2018-03-01T17:44:47Z" finished-at="2018-03-01T17:45:01Z">
          <exception class="java.lang.AssertionError">
            <message>
              <![CDATA[expected [Yahoo] but found [Yahoo -Â login]]]>
            </message>
            <full-stacktrace>
              <![CDATA[java.lang.AssertionError: expected [Yahoo] but found [Yahoo -Â login]
at org.testng.Assert.fail(Assert.java:96)
at org.testng.Assert.failNotEquals(Assert.java:776)
at org.testng.Assert.assertEqualsImpl(Assert.java:137)
at org.testng.Assert.assertEquals(Assert.java:118)
at org.testng.Assert.assertEquals(Assert.java:453)
at org.testng.Assert.assertEquals(Assert.java:463)
at net.ed.LoginServlet_Test.enterUserPasswordTest(LoginServlet_Test.java:88)
at sun.reflect.NativeMethodAccessorImpl.invoke0(Native Method)
at sun.reflect.NativeMethodAccessorImpl.invoke(NativeMethodAccessorImpl.java:62)
at sun.reflect.DelegatingMethodAccessorImpl.invoke(DelegatingMethodAccessorImpl.java:43)
at java.lang.reflect.Method.invoke(Method.java:498)
at org.testng.internal.MethodInvocationHelper.invokeMethod(MethodInvocationHelper.java:124)
at org.testng.internal.Invoker.invokeMethod(Invoker.java:580)
at org.testng.internal.Invoker.invokeTestMethod(Invoker.java:716)
at org.testng.internal.Invoker.invokeTestMethods(Invoker.java:988)
at org.testng.internal.TestMethodWorker.invokeTestMethods(TestMethodWorker.java:125)
at org.testng.internal.TestMethodWorker.run(TestMethodWorker.java:109)
at org.testng.TestRunner.privateRun(TestRunner.java:648)
at org.testng.TestRunner.run(TestRunner.java:505)
at org.testng.SuiteRunner.runTest(SuiteRunner.java:455)
at org.testng.SuiteRunner.runSequentially(SuiteRunner.java:450)
at org.testng.SuiteRunner.privateRun(SuiteRunner.java:415)
at org.testng.SuiteRunner.run(SuiteRunner.java:364)
at org.testng.SuiteRunnerWorker.runSuite(SuiteRunnerWorker.java:52)
at org.testng.SuiteRunnerWorker.run(SuiteRunnerWorker.java:84)
at org.testng.TestNG.runSuitesSequentially(TestNG.java:1208)
at org.testng.TestNG.runSuitesLocally(TestNG.java:1137)
at org.testng.TestNG.runSuites(TestNG.java:1049)
at org.testng.TestNG.run(TestNG.java:1017)
at org.testng.remote.AbstractRemoteTestNG.run(AbstractRemoteTestNG.java:114)
at org.testng.remote.RemoteTestNG.initAndRun(RemoteTestNG.java:251)
at org.testng.remote.RemoteTestNG.main(RemoteTestNG.java:77)
]]>
            </full-stacktrace>
          </exception> <!-- java.lang.AssertionError -->
          <reporter-output>
          </reporter-output>
        </test-method> <!-- enterUserPasswordTest -->
        <test-method status="PASS" signature="terminateBrowser()[pri:0, instance:net.ed.LoginServlet_Test@757942a1]" name="terminateBrowser" is-config="true" duration-ms="4120" started-at="2018-03-01T17:45:02Z" finished-at="2018-03-01T17:45:06Z">
=======
  <suite name="Default suite" duration-ms="19210" started-at="2018-03-01T18:26:18Z" finished-at="2018-03-01T18:26:37Z">
=======
  <suite name="Default suite" duration-ms="83005" started-at="2018-03-01T20:58:52Z" finished-at="2018-03-01T21:00:15Z">
>>>>>>> dev
    <groups>
    </groups>
    <test name="Default test" duration-ms="83005" started-at="2018-03-01T20:58:52Z" finished-at="2018-03-01T21:00:15Z">
      <class name="net.ed.YahooFinanceScraper_Test">
        <test-method status="PASS" signature="launchBrowser()[pri:0, instance:net.ed.YahooFinanceScraper_Test@757942a1]" name="launchBrowser" is-config="true" duration-ms="3008" started-at="2018-03-01T20:58:52Z" finished-at="2018-03-01T20:58:55Z">
          <reporter-output>
          </reporter-output>
        </test-method> <!-- launchBrowser -->
        <test-method status="PASS" signature="getURL_Test()[pri:1, instance:net.ed.YahooFinanceScraper_Test@757942a1]" name="getURL_Test" duration-ms="2523" started-at="2018-03-01T20:58:55Z" finished-at="2018-03-01T20:58:58Z">
          <reporter-output>
          </reporter-output>
        </test-method> <!-- getURL_Test -->
        <test-method status="PASS" signature="getCookies_Test()[pri:2, instance:net.ed.YahooFinanceScraper_Test@757942a1]" name="getCookies_Test" duration-ms="65452" started-at="2018-03-01T20:58:58Z" finished-at="2018-03-01T21:00:03Z">
          <reporter-output>
          </reporter-output>
        </test-method> <!-- getCookies_Test -->
        <test-method status="PASS" signature="scrapeMyTotals_Test()[pri:4, instance:net.ed.YahooFinanceScraper_Test@757942a1]" name="scrapeMyTotals_Test" duration-ms="2934" started-at="2018-03-01T21:00:03Z" finished-at="2018-03-01T21:00:06Z">
          <reporter-output>
          </reporter-output>
<<<<<<< HEAD
        </test-method> <!-- getCookies_Test -->
        <test-method status="PASS" signature="terminateBrowser()[pri:0, instance:net.ed.LoginServletTest@757942a1]" name="terminateBrowser" is-config="true" duration-ms="4170" started-at="2018-03-01T18:26:33Z" finished-at="2018-03-01T18:26:37Z">
>>>>>>> dev
          <reporter-output>
          </reporter-output>
        </test-method> <!-- terminateBrowser -->
      </class> <!-- net.ed.LoginServlet_Test -->
=======
        </test-method> <!-- scrapeMyTotals_Test -->
        <test-method status="PASS" signature="terminateBrowser()[pri:0, instance:net.ed.YahooFinanceScraper_Test@757942a1]" name="terminateBrowser" is-config="true" duration-ms="9002" started-at="2018-03-01T21:00:06Z" finished-at="2018-03-01T21:00:15Z">
          <reporter-output>
          </reporter-output>
        </test-method> <!-- terminateBrowser -->
      </class> <!-- net.ed.YahooFinanceScraper_Test -->
>>>>>>> dev
    </test> <!-- Default test -->
  </suite> <!-- Default suite -->
</testng-results>
